3
S 0 _ _ -> go _ > 0 > _ ^
S 1 _ _ -> go _ > 1 > _ ^
S ( _ _ -> go _ > _ ^ ( >
go 0 _ _ -> go _ > 0 > _ ^
go 1 _ _ -> go _ > 1 > _ ^
go ( _ _ -> go _ > _ ^ ( >
go ) _ _ -> prb _ ^ _ < _ <
prb _ 0 a -> prb0 _ ^ _ < a ^
prb _ 1 a -> prb1 _ ^ _ < a ^
prb0 _ 0 a -> prb _ ^ 0 ^ _ <
prb0 _ 1 a -> prb _ ^ 0 ^ _ <
prb1 _ 0 a -> prb _ ^ 0 ^ _ <
prb1 _ 1 a -> prb _ ^ 1 ^ _ <
prb _ 0 o -> prb0 _ ^ _ < o ^
prb _ 1 o -> prb1 _ ^ _ < o ^
prb0 _ 0 o -> prb _ ^ 0 ^ _ <
prb0 _ 1 o -> prb _ ^ 1 ^ _ <
prb1 _ 0 o -> prb _ ^ 1 ^ _ <
prb1 _ 1 o -> prb _ ^ 1 ^ _ <
prb _ 0 ( -> go _ > 0 > _ ^
prb _ 1 ( -> go _ > 1 > _ ^
go a _ _ -> go _ > _ ^ a >
go o _ _ -> pro _ ^ _ < _ <
pro _ 0 a -> pro0 _ ^ _ < a ^
pro _ 1 a -> pro1 _ ^ _ < a ^
pro0 _ 0 a -> pro _ ^ 0 ^ _ <
pro0 _ 1 a -> pro _ ^ 0 ^ _ <
pro1 _ 0 a -> pro _ ^ 0 ^ _ <
pro1 _ 1 a -> pro _ ^ 1 ^ _ < 
pro _ 0 o -> prop _ ^ 0 > o >
pro _ 1 o -> prop _ ^ 1 > o >
pro _ 0 _ -> prop _ ^ 0 > _ ^
pro _ 1 _ -> prop _ ^ 1 > _ ^
pro _ 0 ( -> prop _ ^ 0 > ( >
pro _ 1 ( -> prop _ ^ 1 > ( >
prop _ _ _ -> go _ > _ ^ o >
go _ _ _ -> prb _ ^ _ < _ <
prb _ 0 _ -> AC 0 ^ _ ^ _ ^
prb _ 1 _ -> AC 1 ^ _ ^ _ ^
