start: s
accept: ac
reject: rj
blank: _

s 0 -> s@ 0 <
s 1 -> s@ 1 <
s@ _ -> ss @ >
ss 0 -> f0r _ >
ss 1 -> ch01 1 >
ch01 0 -> ch01 0 >
ch01 1 -> ch01 1 >
ch01 * -> ch02 * >
ch02 0 -> f0l _ <
ch02 1 -> icp 1 <
f0r 0 -> f0r _ >
f0r 1 -> f0r _ >
f0r * -> f0r _ >
f0r _ -> f0l _ <
f0l 0 -> f0l _ <
f0l 1 -> f0l _ <
f0l * -> f0l _ <
f0l _ -> f0l _ <
f0l @ -> ac 0 ^
icp * -> icp * <
icp 0 -> icp0 a <
icp 1 -> icp1 b <
icp @ -> init @ <
icp0 0 -> icp0 0 <
icp0 1 -> icp0 1 <
icp0 @ -> icp0 @ <
icp0 _ -> icpb 0 >
icp1 0 -> icp1 0 <
icp1 1 -> icp1 1 <
icp1 @ -> icp1 @ <
icp1 _ -> icpb 1 >
icpb 0 -> icpb 0 >
icpb 1 -> icpb 1 >
icpb @ -> icpb @ >
icpb a -> icp a <
icpb b -> icp b <
init 0 -> init 0 <
init 1 -> init 1 <
init _ -> init0 ! <
init0 _ -> decr 0 >
sub1r 0 -> sub1r 0 >
sub1r 1 -> sub1r 1 >
sub1r ! -> sub2r ! >
sub2r 0 -> sub2r 0 >
sub2r 1 -> sub2r 1 >
sub2r @ -> sub2l @ <
sub2l 0 -> sub2l 1 <
sub2l 1 -> add2 0 <
sub2l ! -> flat2 ! >
add2 0 -> add2 0 <
add2 1 -> add2 1 <
add2 ! -> add1 ! <
add1 1 -> add1 0 <
add1 0 -> sub1r 1 >
add1 _ -> sub1r 1 >
flat2 1 -> flat2 # >
flat2 @ -> flat1 @ >
flat1 a -> flat1 0 >
flat1 b -> flat1 1 >
flat1 * -> cp * <
cp 0 -> cp0 a <
cp 1 -> cp1 b <
cp @ -> decr @ >
cp0 0 -> cp0 0 <
cp0 1 -> cp0 1 <
cp0 @ -> cp0 @ <
cp0 # -> cpb 0 >
cp1 0 -> cp1 0 <
cp1 1 -> cp1 1 <
cp1 @ -> cp1 @ <
cp1 # -> cpb 1 >
cpb 0 -> cpb 0 >
cpb 1 -> cpb 1 >
cpb @ -> cpb @ >
cpb a -> cp a <
cpb b -> cp b <
decr ! -> decr ! >
decr @ -> decr @ >
decr a -> decr a >
decr b -> decr b >
decr * -> decr * >
decr 0 -> decr 0 >
decr 1 -> decr 1 >
decr _ -> decl _ <
decl 0 -> decl 1 <
decl 1 -> fn@ 0 <
decl * -> finr * >
fn@ 0 -> fn@ 0 <
fn@ 1 -> fn@ 1 <
fn@ * -> fn@ * <
fn@ a -> fn@ a <
fn@ b -> fn@ b <
fn@ @ -> sub2l @ <
finr 1 -> finr 1 >
finr _ -> finl _ <
finl 0 -> finl _ <
finl 1 -> finl _ <
finl * -> finl _ <
finl a -> finl _ <
finl b -> finl _ <
finl @ -> finl _ <
finl ! -> fin _ <
fin 0 -> fin 0 <
fin 1 -> fin 1 <
fin _ -> ac _ >

